#! /usr/bin/vvp
:ivl_version "12.0 (stable)";
:ivl_delay_selection "TYPICAL";
:vpi_time_precision + 0;
:vpi_module "/usr/lib/x86_64-linux-gnu/ivl/system.vpi";
:vpi_module "/usr/lib/x86_64-linux-gnu/ivl/vhdl_sys.vpi";
:vpi_module "/usr/lib/x86_64-linux-gnu/ivl/vhdl_textio.vpi";
:vpi_module "/usr/lib/x86_64-linux-gnu/ivl/v2005_math.vpi";
:vpi_module "/usr/lib/x86_64-linux-gnu/ivl/va_math.vpi";
S_0x55d70567bbe0 .scope module, "mux4_tb" "mux4_tb" 2 1;
 .timescale 0 0;
v0x55d70569ce60_0 .var "E", 0 0;
v0x55d70569cf20_0 .var "I0", 0 0;
v0x55d70569cfe0_0 .var "I1", 0 0;
v0x55d70569d080_0 .var "I2", 0 0;
v0x55d70569d170_0 .var "I3", 0 0;
v0x55d70569d2b0_0 .var "S0", 0 0;
v0x55d70569d350_0 .var "S1", 0 0;
v0x55d70569d440_0 .net "y", 0 0, L_0x55d70569dd60;  1 drivers
S_0x55d70567bd70 .scope module, "m" "mux4" 2 5, 3 1 0, S_0x55d70567bbe0;
 .timescale 0 0;
    .port_info 0 /INPUT 1 "I0";
    .port_info 1 /INPUT 1 "I1";
    .port_info 2 /INPUT 1 "I2";
    .port_info 3 /INPUT 1 "I3";
    .port_info 4 /INPUT 1 "S0";
    .port_info 5 /INPUT 1 "S1";
    .port_info 6 /INPUT 1 "E";
    .port_info 7 /OUTPUT 1 "y";
v0x55d70569c640_0 .net "E", 0 0, v0x55d70569ce60_0;  1 drivers
v0x55d70569c700_0 .net "I0", 0 0, v0x55d70569cf20_0;  1 drivers
v0x55d70569c7c0_0 .net "I1", 0 0, v0x55d70569cfe0_0;  1 drivers
v0x55d70569c890_0 .net "I2", 0 0, v0x55d70569d080_0;  1 drivers
v0x55d70569c960_0 .net "I3", 0 0, v0x55d70569d170_0;  1 drivers
v0x55d70569ca50_0 .net "S0", 0 0, v0x55d70569d2b0_0;  1 drivers
v0x55d70569cb40_0 .net "S1", 0 0, v0x55d70569d350_0;  1 drivers
v0x55d70569cbe0_0 .net "W1", 0 0, L_0x55d70569d6a0;  1 drivers
v0x55d70569ccd0_0 .net "W2", 0 0, L_0x55d70569d980;  1 drivers
v0x55d70569cd70_0 .net "y", 0 0, L_0x55d70569dd60;  alias, 1 drivers
S_0x55d7056824a0 .scope module, "M1" "mux" 3 3, 4 1 0, S_0x55d70567bd70;
 .timescale 0 0;
    .port_info 0 /INPUT 1 "D0";
    .port_info 1 /INPUT 1 "D1";
    .port_info 2 /INPUT 1 "S";
    .port_info 3 /INPUT 1 "E";
    .port_info 4 /OUTPUT 1 "y";
L_0x55d70566c7f0 .functor NOT 1, v0x55d70569d2b0_0, C4<0>, C4<0>, C4<0>;
L_0x55d70569d5c0 .functor AND 1, v0x55d70569cf20_0, L_0x55d70566c7f0, v0x55d70569ce60_0, C4<1>;
L_0x55d70569d630 .functor AND 1, v0x55d70569cfe0_0, v0x55d70569d2b0_0, v0x55d70569ce60_0, C4<1>;
L_0x55d70569d6a0 .functor OR 1, L_0x55d70569d5c0, L_0x55d70569d630, C4<0>, C4<0>;
v0x55d705682680_0 .net "D0", 0 0, v0x55d70569cf20_0;  alias, 1 drivers
v0x55d70569ad80_0 .net "D1", 0 0, v0x55d70569cfe0_0;  alias, 1 drivers
v0x55d70569ae40_0 .net "E", 0 0, v0x55d70569ce60_0;  alias, 1 drivers
v0x55d70569af10_0 .net "S", 0 0, v0x55d70569d2b0_0;  alias, 1 drivers
v0x55d70569afd0_0 .net "W1", 0 0, L_0x55d70566c7f0;  1 drivers
v0x55d70569b0e0_0 .net "W2", 0 0, L_0x55d70569d5c0;  1 drivers
v0x55d70569b1a0_0 .net "W3", 0 0, L_0x55d70569d630;  1 drivers
v0x55d70569b260_0 .net "y", 0 0, L_0x55d70569d6a0;  alias, 1 drivers
S_0x55d70569b3c0 .scope module, "M2" "mux" 3 4, 4 1 0, S_0x55d70567bd70;
 .timescale 0 0;
    .port_info 0 /INPUT 1 "D0";
    .port_info 1 /INPUT 1 "D1";
    .port_info 2 /INPUT 1 "S";
    .port_info 3 /INPUT 1 "E";
    .port_info 4 /OUTPUT 1 "y";
L_0x55d70569d7e0 .functor NOT 1, v0x55d70569d2b0_0, C4<0>, C4<0>, C4<0>;
L_0x55d70569d850 .functor AND 1, v0x55d70569d080_0, L_0x55d70569d7e0, v0x55d70569ce60_0, C4<1>;
L_0x55d70569d910 .functor AND 1, v0x55d70569d170_0, v0x55d70569d2b0_0, v0x55d70569ce60_0, C4<1>;
L_0x55d70569d980 .functor OR 1, L_0x55d70569d850, L_0x55d70569d910, C4<0>, C4<0>;
v0x55d70569b5c0_0 .net "D0", 0 0, v0x55d70569d080_0;  alias, 1 drivers
v0x55d70569b680_0 .net "D1", 0 0, v0x55d70569d170_0;  alias, 1 drivers
v0x55d70569b740_0 .net "E", 0 0, v0x55d70569ce60_0;  alias, 1 drivers
v0x55d70569b840_0 .net "S", 0 0, v0x55d70569d2b0_0;  alias, 1 drivers
v0x55d70569b910_0 .net "W1", 0 0, L_0x55d70569d7e0;  1 drivers
v0x55d70569ba00_0 .net "W2", 0 0, L_0x55d70569d850;  1 drivers
v0x55d70569baa0_0 .net "W3", 0 0, L_0x55d70569d910;  1 drivers
v0x55d70569bb40_0 .net "y", 0 0, L_0x55d70569d980;  alias, 1 drivers
S_0x55d70569bca0 .scope module, "M3" "mux" 3 5, 4 1 0, S_0x55d70567bd70;
 .timescale 0 0;
    .port_info 0 /INPUT 1 "D0";
    .port_info 1 /INPUT 1 "D1";
    .port_info 2 /INPUT 1 "S";
    .port_info 3 /INPUT 1 "E";
    .port_info 4 /OUTPUT 1 "y";
L_0x55d70569dac0 .functor NOT 1, v0x55d70569d350_0, C4<0>, C4<0>, C4<0>;
L_0x55d70569db30 .functor AND 1, L_0x55d70569d6a0, L_0x55d70569dac0, v0x55d70569ce60_0, C4<1>;
L_0x55d70569dba0 .functor AND 1, L_0x55d70569d980, v0x55d70569d350_0, v0x55d70569ce60_0, C4<1>;
L_0x55d70569dd60 .functor OR 1, L_0x55d70569db30, L_0x55d70569dba0, C4<0>, C4<0>;
v0x55d70569bf30_0 .net "D0", 0 0, L_0x55d70569d6a0;  alias, 1 drivers
v0x55d70569c000_0 .net "D1", 0 0, L_0x55d70569d980;  alias, 1 drivers
v0x55d70569c0d0_0 .net "E", 0 0, v0x55d70569ce60_0;  alias, 1 drivers
v0x55d70569c1f0_0 .net "S", 0 0, v0x55d70569d350_0;  alias, 1 drivers
v0x55d70569c290_0 .net "W1", 0 0, L_0x55d70569dac0;  1 drivers
v0x55d70569c380_0 .net "W2", 0 0, L_0x55d70569db30;  1 drivers
v0x55d70569c420_0 .net "W3", 0 0, L_0x55d70569dba0;  1 drivers
v0x55d70569c4e0_0 .net "y", 0 0, L_0x55d70569dd60;  alias, 1 drivers
    .scope S_0x55d70567bbe0;
T_0 ;
    %vpi_call 2 8 "$monitor", "At time %0t: I0=%b I1=%b I2=%b I3=%b S0=%b S1=%b E=%b y=%b", $time, v0x55d70569cf20_0, v0x55d70569cfe0_0, v0x55d70569d080_0, v0x55d70569d170_0, v0x55d70569d2b0_0, v0x55d70569d350_0, v0x55d70569ce60_0, v0x55d70569d440_0 {0 0 0};
    %vpi_call 2 9 "$dumpfile", "_A03" {0 0 0};
    %vpi_call 2 10 "$dumpvars", 32'sb00000000000000000000000000000000, S_0x55d70567bbe0 {0 0 0};
    %pushi/vec4 0, 0, 1;
    %store/vec4 v0x55d70569cf20_0, 0, 1;
    %pushi/vec4 0, 0, 1;
    %store/vec4 v0x55d70569cfe0_0, 0, 1;
    %pushi/vec4 0, 0, 1;
    %store/vec4 v0x55d70569d080_0, 0, 1;
    %pushi/vec4 0, 0, 1;
    %store/vec4 v0x55d70569d170_0, 0, 1;
    %pushi/vec4 0, 0, 1;
    %store/vec4 v0x55d70569d2b0_0, 0, 1;
    %pushi/vec4 0, 0, 1;
    %store/vec4 v0x55d70569d350_0, 0, 1;
    %pushi/vec4 1, 0, 1;
    %store/vec4 v0x55d70569ce60_0, 0, 1;
    %delay 2, 0;
    %pushi/vec4 1, 0, 1;
    %store/vec4 v0x55d70569cf20_0, 0, 1;
    %pushi/vec4 0, 0, 1;
    %store/vec4 v0x55d70569cfe0_0, 0, 1;
    %pushi/vec4 0, 0, 1;
    %store/vec4 v0x55d70569d080_0, 0, 1;
    %pushi/vec4 0, 0, 1;
    %store/vec4 v0x55d70569d170_0, 0, 1;
    %pushi/vec4 0, 0, 1;
    %store/vec4 v0x55d70569d2b0_0, 0, 1;
    %pushi/vec4 0, 0, 1;
    %store/vec4 v0x55d70569d350_0, 0, 1;
    %pushi/vec4 1, 0, 1;
    %store/vec4 v0x55d70569ce60_0, 0, 1;
    %delay 2, 0;
    %pushi/vec4 0, 0, 1;
    %store/vec4 v0x55d70569cf20_0, 0, 1;
    %pushi/vec4 1, 0, 1;
    %store/vec4 v0x55d70569cfe0_0, 0, 1;
    %pushi/vec4 0, 0, 1;
    %store/vec4 v0x55d70569d080_0, 0, 1;
    %pushi/vec4 0, 0, 1;
    %store/vec4 v0x55d70569d170_0, 0, 1;
    %pushi/vec4 1, 0, 1;
    %store/vec4 v0x55d70569d2b0_0, 0, 1;
    %pushi/vec4 0, 0, 1;
    %store/vec4 v0x55d70569d350_0, 0, 1;
    %pushi/vec4 1, 0, 1;
    %store/vec4 v0x55d70569ce60_0, 0, 1;
    %delay 2, 0;
    %pushi/vec4 0, 0, 1;
    %store/vec4 v0x55d70569cf20_0, 0, 1;
    %pushi/vec4 0, 0, 1;
    %store/vec4 v0x55d70569cfe0_0, 0, 1;
    %pushi/vec4 1, 0, 1;
    %store/vec4 v0x55d70569d080_0, 0, 1;
    %pushi/vec4 0, 0, 1;
    %store/vec4 v0x55d70569d170_0, 0, 1;
    %pushi/vec4 0, 0, 1;
    %store/vec4 v0x55d70569d2b0_0, 0, 1;
    %pushi/vec4 1, 0, 1;
    %store/vec4 v0x55d70569d350_0, 0, 1;
    %pushi/vec4 1, 0, 1;
    %store/vec4 v0x55d70569ce60_0, 0, 1;
    %delay 2, 0;
    %pushi/vec4 0, 0, 1;
    %store/vec4 v0x55d70569cf20_0, 0, 1;
    %pushi/vec4 0, 0, 1;
    %store/vec4 v0x55d70569cfe0_0, 0, 1;
    %pushi/vec4 0, 0, 1;
    %store/vec4 v0x55d70569d080_0, 0, 1;
    %pushi/vec4 1, 0, 1;
    %store/vec4 v0x55d70569d170_0, 0, 1;
    %pushi/vec4 1, 0, 1;
    %store/vec4 v0x55d70569d2b0_0, 0, 1;
    %pushi/vec4 1, 0, 1;
    %store/vec4 v0x55d70569d350_0, 0, 1;
    %pushi/vec4 1, 0, 1;
    %store/vec4 v0x55d70569ce60_0, 0, 1;
    %delay 2, 0;
    %vpi_call 2 18 "$finish" {0 0 0};
    %end;
    .thread T_0;
# The file index is used to find the file name in the following table.
:file_names 5;
    "N/A";
    "<interactive>";
    "mux4_tb.v";
    "mux4.v";
    "mux.v";
